<?xml version="1.0" encoding="UTF-8"?>
<!-- Generated by org.testng.reporters.JUnitXMLReporter -->
<testsuite ignored="1" hostname="Teju" failures="4" tests="4" name="Default test(failed)" time="0.057" errors="0" timestamp="2024-01-06T11:32:19 IST">
  <testcase classname="testNGxmlUse.FailedXmlSTudy" name="Tc3" time="0.009">
    <failure type="java.lang.AssertionError" message="null">
      <![CDATA[java.lang.AssertionError: null
at testNGxmlUse.FailedXmlSTudy.Tc3(FailedXmlSTudy.java:31)
at java.base/java.util.ArrayList.forEach(ArrayList.java:1511)
... Removed 29 stack frames]]>
    </failure>
  </testcase> <!-- Tc3 -->
  <testcase classname="testNGxmlUse.FailedXmlSTudy" name="Tc4" time="0.002">
    <failure type="java.lang.AssertionError" message="null">
      <![CDATA[java.lang.AssertionError: null
at testNGxmlUse.FailedXmlSTudy.Tc4(FailedXmlSTudy.java:37)
at java.base/java.util.ArrayList.forEach(ArrayList.java:1511)
... Removed 29 stack frames]]>
    </failure>
  </testcase> <!-- Tc4 -->
  <testcase classname="testNGxmlUse.FailedXmlSTudy" name="tc2" time="0.0">
    <failure type="java.lang.AssertionError" message="null">
      <![CDATA[java.lang.AssertionError: null
at testNGxmlUse.FailedXmlSTudy.tc2(FailedXmlSTudy.java:25)
at java.base/java.util.ArrayList.forEach(ArrayList.java:1511)
... Removed 29 stack frames]]>
    </failure>
  </testcase> <!-- tc2 -->
  <testcase classname="testNGxmlUse.FailedXmlSTudy" name="Tc5" time="0.001">
    <failure type="java.lang.AssertionError" message="null">
      <![CDATA[java.lang.AssertionError: null
at testNGxmlUse.FailedXmlSTudy.Tc5(FailedXmlSTudy.java:44)
at java.base/java.util.ArrayList.forEach(ArrayList.java:1511)
... Removed 29 stack frames]]>
    </failure>
  </testcase> <!-- Tc5 -->
  <testcase classname="testNGxmlUse.FailedXmlSTudy" name="Tc1" time="0.0">
    <ignored/>
  </testcase> <!-- Tc1 -->
</testsuite> <!-- Default test(failed) -->
