<?xml version="1.0" encoding="UTF-8"?>
<!-- Generated by org.testng.reporters.JUnitXMLReporter -->
<testsuite ignored="1" hostname="Teju" failures="0" tests="1" name="Default test" time="18.353" errors="0" timestamp="2024-01-06T16:41:24 IST">
  <testcase classname="testNnggCoverFoxTest.CF_TC555_Validate_search_results_for_healthcare_policies2" name="validatesortplansButton" time="0.107"/>
  <testcase classname="testNnggCoverFoxTest.CF_TC555_Validate_search_results_for_healthcare_policies2" name="validateTestPlansFromTextAndBanners" time="0.0">
    <ignored/>
  </testcase> <!-- validateTestPlansFromTextAndBanners -->
</testsuite> <!-- Default test -->
