<?xml version="1.0" encoding="UTF-8"?>
<!-- Generated by org.testng.reporters.JUnitXMLReporter -->
<testsuite ignored="0" hostname="Teju" failures="2" tests="8" name="Test" time="0.119" errors="0" timestamp="2024-01-04T18:19:51 IST">
  <testcase classname="testNnGGlisteners.MyClasstestng" name="b" time="0.017">
    <failure type="java.lang.AssertionError" message="null">
      <![CDATA[java.lang.AssertionError: null
at testNnGGlisteners.MyClasstestng.b(MyClasstestng.java:22)
at java.base/java.util.ArrayList.forEach(ArrayList.java:1511)
... Removed 29 stack frames]]>
    </failure>
  </testcase> <!-- b -->
  <testcase classname="testNnGGlisteners.MyClasstestng" name="d" time="0.002"/>
  <testcase classname="testNnGGlisteners.MyClasstestng" name="a" time="0.002"/>
  <testcase classname="testNnGGlisteners.MyClasstestng" name="c" time="0.001">
    <skipped/>
  </testcase> <!-- c -->
  <testcase classname="testNnGGlisteners.MyClasstestng2" name="e" time="0.001"/>
  <testcase classname="testNnGGlisteners.MyClasstestng2" name="f" time="0.001">
    <failure type="java.lang.AssertionError" message="null">
      <![CDATA[java.lang.AssertionError: null
at testNnGGlisteners.MyClasstestng2.f(MyClasstestng2.java:22)
at java.base/java.util.ArrayList.forEach(ArrayList.java:1511)
... Removed 29 stack frames]]>
    </failure>
  </testcase> <!-- f -->
  <testcase classname="testNnGGlisteners.MyClasstestng2" name="h" time="0.002"/>
  <testcase classname="testNnGGlisteners.MyClasstestng2" name="g" time="0.0">
    <skipped/>
  </testcase> <!-- g -->
</testsuite> <!-- Test -->
