<?xml version="1.0" encoding="UTF-8"?>
<testng-results ignored="0" total="1" passed="1" failed="0" skipped="0">
  <reporter-output>
    <line>
      <![CDATA[Launching browser ]]>
    </line>
    <line>
      <![CDATA[clicking on gender button ]]>
    </line>
    <line>
      <![CDATA[clicking on next button ]]>
    </line>
    <line>
      <![CDATA[Handeling age drop down ]]>
    </line>
    <line>
      <![CDATA[Reading data from excelSheet]]>
    </line>
    <line>
      <![CDATA[Clicking on next button ]]>
    </line>
    <line>
      <![CDATA[Entering pin code ]]>
    </line>
    <line>
      <![CDATA[Reading data from excelSheet]]>
    </line>
    <line>
      <![CDATA[Entering mobile num ]]>
    </line>
    <line>
      <![CDATA[Reading data from excelSheet]]>
    </line>
    <line>
      <![CDATA[Clicking on continue button ]]>
    </line>
    <line>
      <![CDATA[VAlidatingSortPlanElementPresency]]>
    </line>
    <line>
      <![CDATA[Closing browser ]]>
    </line>
  </reporter-output>
  <suite started-at="2024-01-06T16:41:05 IST" name="Default suite" finished-at="2024-01-06T16:41:24 IST" duration-ms="18353">
    <groups>
    </groups>
    <test started-at="2024-01-06T16:41:05 IST" name="Default test" finished-at="2024-01-06T16:41:24 IST" duration-ms="18353">
      <class name="testNnggCoverFoxTest.CF_TC555_Validate_search_results_for_healthcare_policies2">
        <test-method is-config="true" signature="launchBrowser()[pri:0, instance:testNnggCoverFoxTest.CF_TC555_Validate_search_results_for_healthcare_policies2@7817fd62]" started-at="2024-01-06T16:41:05 IST" name="launchBrowser" finished-at="2024-01-06T16:41:12 IST" duration-ms="6260" status="PASS">
          <reporter-output>
            <line>
              <![CDATA[Launching browser ]]>
            </line>
          </reporter-output>
        </test-method> <!-- launchBrowser -->
        <test-method is-config="true" signature="enterMemeberDeatils()[pri:0, instance:testNnggCoverFoxTest.CF_TC555_Validate_search_results_for_healthcare_policies2@7817fd62]" started-at="2024-01-06T16:41:12 IST" name="enterMemeberDeatils" finished-at="2024-01-06T16:41:19 IST" duration-ms="7634" status="PASS">
          <reporter-output>
            <line>
              <![CDATA[clicking on gender button ]]>
            </line>
            <line>
              <![CDATA[clicking on next button ]]>
            </line>
            <line>
              <![CDATA[Handeling age drop down ]]>
            </line>
            <line>
              <![CDATA[Reading data from excelSheet]]>
            </line>
            <line>
              <![CDATA[Clicking on next button ]]>
            </line>
            <line>
              <![CDATA[Entering pin code ]]>
            </line>
            <line>
              <![CDATA[Reading data from excelSheet]]>
            </line>
            <line>
              <![CDATA[Entering mobile num ]]>
            </line>
            <line>
              <![CDATA[Reading data from excelSheet]]>
            </line>
            <line>
              <![CDATA[Clicking on continue button ]]>
            </line>
          </reporter-output>
        </test-method> <!-- enterMemeberDeatils -->
        <test-method signature="validatesortplansButton()[pri:0, instance:testNnggCoverFoxTest.CF_TC555_Validate_search_results_for_healthcare_policies2@7817fd62]" started-at="2024-01-06T16:41:19 IST" name="validatesortplansButton" finished-at="2024-01-06T16:41:19 IST" duration-ms="107" status="PASS">
          <reporter-output>
            <line>
              <![CDATA[VAlidatingSortPlanElementPresency]]>
            </line>
          </reporter-output>
        </test-method> <!-- validatesortplansButton -->
        <test-method is-config="true" signature="closeBrowser()[pri:0, instance:testNnggCoverFoxTest.CF_TC555_Validate_search_results_for_healthcare_policies2@7817fd62]" started-at="2024-01-06T16:41:19 IST" name="closeBrowser" finished-at="2024-01-06T16:41:24 IST" duration-ms="4283" status="PASS">
          <reporter-output>
            <line>
              <![CDATA[Closing browser ]]>
            </line>
          </reporter-output>
        </test-method> <!-- closeBrowser -->
      </class> <!-- testNnggCoverFoxTest.CF_TC555_Validate_search_results_for_healthcare_policies2 -->
    </test> <!-- Default test -->
  </suite> <!-- Default suite -->
</testng-results>
